<?xml version="1.0" encoding="UTF-8"?>
<testsuite name="com.proj.boardserver.BoardserverApplicationTests" tests="1" skipped="0" failures="0" errors="0" timestamp="2024-04-29T20:15:35" hostname="MacBook-Pro-2.local" time="0.767">
  <properties/>
  <testcase name="contextLoads()" classname="com.proj.boardserver.BoardserverApplicationTests" time="0.767"/>
  <system-out><![CDATA[05:15:34.192 [Test worker] INFO org.springframework.test.context.support.AnnotationConfigContextLoaderUtils -- Could not detect default configuration classes for test class [com.proj.boardserver.BoardserverApplicationTests]: BoardserverApplicationTests does not declare any static, non-private, non-final, nested classes annotated with @Configuration.
05:15:34.278 [Test worker] INFO org.springframework.boot.test.context.SpringBootTestContextBootstrapper -- Found @SpringBootConfiguration com.proj.boardserver.BoardserverApplication for test class com.proj.boardserver.BoardserverApplicationTests

  .   ____          _            __ _ _
 /\\ / ___'_ __ _ _(_)_ __  __ _ \ \ \ \
( ( )\___ | '_ | '_| | '_ \/ _` | \ \ \ \
 \\/  ___)| |_)| | | | | || (_| |  ) ) ) )
  '  |____| .__|_| |_|_| |_\__, | / / / /
 =========|_|==============|___/=/_/_/_/
 :: Spring Boot ::                (v3.2.5)

2024-04-30T05:15:34.647+09:00  INFO 91434 --- [boardserver] [    Test worker] c.p.b.BoardserverApplicationTests        : Starting BoardserverApplicationTests using Java 17.0.6 with PID 91434 (started by tsh in /Users/tsh/Desktop/boardserver)
2024-04-30T05:15:34.649+09:00  INFO 91434 --- [boardserver] [    Test worker] c.p.b.BoardserverApplicationTests        : No active profile set, falling back to 1 default profile: "default"
2024-04-30T05:15:35.706+09:00  INFO 91434 --- [boardserver] [    Test worker] c.p.b.BoardserverApplicationTests        : Started BoardserverApplicationTests in 1.29 seconds (process running for 2.142)
]]></system-out>
  <system-err><![CDATA[]]></system-err>
</testsuite>
